[    0.000000] Linux version 4.15.0-212-generic (buildd@lcy02-amd64-083) (gcc version 7.5.0 (Ubuntu 7.5.0-3ubuntu1~18.04)) #223-Ubuntu SMP Tue May 23 13:09:22 UTC 2023 (Ubuntu 4.15.0-212.223-generic 4.15.18)
[    0.000000] Command line: BOOT_IMAGE=/boot/vmlinuz-4.15.0-212-generic root=LABEL=cloudimg-rootfs ro console=tty1 console=ttyS0
[    0.000000] KERNEL supported cpus:
[    0.000000]   Intel GenuineIntel
[    0.000000]   AMD AuthenticAMD
[    0.000000]   Centaur CentaurHauls
[    0.000000] x86/fpu: x87 FPU will use FXSAVE
[    0.000000] e820: BIOS-provided physical RAM map:
[    0.000000] BIOS-e820: [mem 0x0000000000000000-0x000000000009fbff] usable
[    0.000000] BIOS-e820: [mem 0x000000000009fc00-0x000000000009ffff] reserved
[    0.000000] BIOS-e820: [mem 0x00000000000f0000-0x00000000000fffff] reserved
[    0.000000] BIOS-e820: [mem 0x0000000000100000-0x000000007ffeffff] usable
[    0.000000] BIOS-e820: [mem 0x000000007fff0000-0x000000007fffffff] ACPI data
[    0.000000] BIOS-e820: [mem 0x00000000fec00000-0x00000000fec00fff] reserved
[    0.000000] BIOS-e820: [mem 0x00000000fee00000-0x00000000fee00fff] reserved
[    0.000000] BIOS-e820: [mem 0x00000000fffc0000-0x00000000ffffffff] reserved
[    0.000000] NX (Execute Disable) protection: active
[    0.000000] SMBIOS 2.5 present.
[    0.000000] DMI: innotek GmbH VirtualBox/VirtualBox, BIOS VirtualBox 12/01/2006
[    0.000000] Hypervisor detected: KVM
[    0.000000] e820: last_pfn = 0x7fff0 max_arch_pfn = 0x400000000
[    0.000000] x86/PAT: Configuration [0-7]: WB  WC  UC- UC  WB  WP  UC- WT  
[    0.000000] CPU MTRRs all blank - virtualized system.
[    0.000000] found SMP MP-table at [mem 0x0009fbf0-0x0009fbff]
[    0.000000] Scanning 1 areas for low memory corruption
[    0.000000] RAMDISK: [mem 0x3580f000-0x36bfefff]
[    0.000000] ACPI: Early table checksum verification disabled
[    0.000000] ACPI: RSDP 0x00000000000E0000 000024 (v02 VBOX  )
[    0.000000] ACPI: XSDT 0x000000007FFF0030 00003C (v01 VBOX   VBOXXSDT 00000001 ASL  00000061)
[    0.000000] ACPI: FACP 0x000000007FFF00F0 0000F4 (v04 VBOX   VBOXFACP 00000001 ASL  00000061)
[    0.000000] ACPI: DSDT 0x000000007FFF0610 002353 (v02 VBOX   VBOXBIOS 00000002 INTL 20100528)
[    0.000000] ACPI: FACS 0x000000007FFF0200 000040
[    0.000000] ACPI: FACS 0x000000007FFF0200 000040
[    0.000000] ACPI: APIC 0x000000007FFF0240 00005C (v02 VBOX   VBOXAPIC 00000001 ASL  00000061)
[    0.000000] ACPI: SSDT 0x000000007FFF02A0 00036C (v01 VBOX   VBOXCPUT 00000002 INTL 20100528)
[    0.000000] ACPI: Reserving FACP table memory at [mem 0x7fff00f0-0x7fff01e3]
[    0.000000] ACPI: Reserving DSDT table memory at [mem 0x7fff0610-0x7fff2962]
[    0.000000] ACPI: Reserving FACS table memory at [mem 0x7fff0200-0x7fff023f]
[    0.000000] ACPI: Reserving FACS table memory at [mem 0x7fff0200-0x7fff023f]
[    0.000000] ACPI: Reserving APIC table memory at [mem 0x7fff0240-0x7fff029b]
[    0.000000] ACPI: Reserving SSDT table memory at [mem 0x7fff02a0-0x7fff060b]
[    0.000000] No NUMA configuration found
[    0.000000] Faking a node at [mem 0x0000000000000000-0x000000007ffeffff]
[    0.000000] NODE_DATA(0) allocated [mem 0x7ffc5000-0x7ffeffff]
[    0.000000] kvm-clock: cpu 0, msr 0:7ff44001, primary cpu clock
[    0.000000] kvm-clock: Using msrs 4b564d01 and 4b564d00
[    0.000000] kvm-clock: using sched offset of 4807781430 cycles
[    0.000000] clocksource: kvm-clock: mask: 0xffffffffffffffff max_cycles: 0x1cd42e4dffb, max_idle_ns: 881590591483 ns
[    0.000000] Zone ranges:
[    0.000000]   DMA      [mem 0x0000000000001000-0x0000000000ffffff]
[    0.000000]   DMA32    [mem 0x0000000001000000-0x000000007ffeffff]
[    0.000000]   Normal   empty
[    0.000000]   Device   empty
[    0.000000] Movable zone start for each node
[    0.000000] Early memory node ranges
[    0.000000]   node   0: [mem 0x0000000000001000-0x000000000009efff]
[    0.000000]   node   0: [mem 0x0000000000100000-0x000000007ffeffff]
[    0.000000] Reserved but unavailable: 104 pages
[    0.000000] Initmem setup node 0 [mem 0x0000000000001000-0x000000007ffeffff]
[    0.000000] ACPI: PM-Timer IO Port: 0x4008
[    0.000000] IOAPIC[0]: apic_id 2, version 32, address 0xfec00000, GSI 0-23
[    0.000000] ACPI: INT_SRC_OVR (bus 0 bus_irq 0 global_irq 2 dfl dfl)
[    0.000000] ACPI: INT_SRC_OVR (bus 0 bus_irq 9 global_irq 9 low level)
[    0.000000] Using ACPI (MADT) for SMP configuration information
[    0.000000] smpboot: Allowing 2 CPUs, 0 hotplug CPUs
[    0.000000] PM: Registered nosave memory: [mem 0x00000000-0x00000fff]
[    0.000000] PM: Registered nosave memory: [mem 0x0009f000-0x0009ffff]
[    0.000000] PM: Registered nosave memory: [mem 0x000a0000-0x000effff]
[    0.000000] PM: Registered nosave memory: [mem 0x000f0000-0x000fffff]
[    0.000000] e820: [mem 0x80000000-0xfebfffff] available for PCI devices
[    0.000000] Booting paravirtualized kernel on KVM
[    0.000000] clocksource: refined-jiffies: mask: 0xffffffff max_cycles: 0xffffffff, max_idle_ns: 7645519600211568 ns
[    0.000000] setup_percpu: NR_CPUS:8192 nr_cpumask_bits:2 nr_cpu_ids:2 nr_node_ids:1
[    0.000000] percpu: Embedded 50 pages/cpu s167936 r8192 d28672 u1048576
[    0.000000] PV qspinlock hash table entries: 256 (order: 0, 4096 bytes)
[    0.000000] Built 1 zonelists, mobility grouping on.  Total pages: 515961
[    0.000000] Policy zone: DMA32
[    0.000000] Kernel command line: BOOT_IMAGE=/boot/vmlinuz-4.15.0-212-generic root=LABEL=cloudimg-rootfs ro console=tty1 console=ttyS0
[    0.000000] Memory: 2013948K/2096696K available (12300K kernel code, 2477K rwdata, 4324K rodata, 2480K init, 2720K bss, 82748K reserved, 0K cma-reserved)
[    0.000000] SLUB: HWalign=64, Order=0-3, MinObjects=0, CPUs=2, Nodes=1
[    0.000000] ftrace: allocating 39508 entries in 155 pages
[    0.004000] Hierarchical RCU implementation.
[    0.004000] 	RCU restricting CPUs from NR_CPUS=8192 to nr_cpu_ids=2.
[    0.004000] 	Tasks RCU enabled.
[    0.004000] RCU: Adjusting geometry for rcu_fanout_leaf=16, nr_cpu_ids=2
[    0.004000] NR_IRQS: 524544, nr_irqs: 440, preallocated irqs: 16
[    0.004000] random: crng init done
[    0.004000] Console: colour VGA+ 80x25
[    0.004000] console [tty1] enabled
[    0.004000] console [ttyS0] enabled
[    0.004000] ACPI: Core revision 20170831
[    0.004000] ACPI: 2 ACPI AML tables successfully acquired and loaded
[    0.004000] APIC: Switch to symmetric I/O mode setup
[    0.008000] ..TIMER: vector=0x30 apic1=0 pin1=2 apic2=-1 pin2=-1
[    0.008010] tsc: Detected 2112.006 MHz processor
[    0.012016] Calibrating delay loop (skipped) preset value.. 4224.01 BogoMIPS (lpj=8448024)
[    0.016009] pid_max: default: 32768 minimum: 301
[    0.020183] Security Framework initialized
[    0.024013] Yama: becoming mindful.
[    0.028195] AppArmor: AppArmor initialized
[    0.050650] Dentry cache hash table entries: 262144 (order: 9, 2097152 bytes)
[    0.062946] Inode-cache hash table entries: 131072 (order: 8, 1048576 bytes)
[    0.064331] Mount-cache hash table entries: 4096 (order: 3, 32768 bytes)
[    0.068244] Mountpoint-cache hash table entries: 4096 (order: 3, 32768 bytes)
[    0.077700] Last level iTLB entries: 4KB 64, 2MB 8, 4MB 8
[    0.080009] Last level dTLB entries: 4KB 64, 2MB 0, 4MB 0, 1GB 4
[    0.088009] Spectre V1 : Mitigation: usercopy/swapgs barriers and __user pointer sanitization
[    0.092009] Spectre V2 : Mitigation: Enhanced IBRS
[    0.096008] Spectre V2 : Spectre v2 / SpectreRSB mitigation: Filling RSB on context switch
[    0.100008] Spectre V2 : Spectre v2 / PBRSB-eIBRS: Retire a single CALL on VMEXIT
[    0.104008] RETBleed: Mitigation: Enhanced IBRS
[    0.108009] Speculative Store Bypass: Vulnerable
[    0.112093] MMIO Stale Data: Vulnerable: Clear CPU buffers attempted, no microcode
[    0.116010] SRBDS: Unknown: Dependent on hypervisor status
[    0.120297] Freeing SMP alternatives memory: 36K
[    0.240567] smpboot: CPU0: Intel(R) Core(TM) i5-10210U CPU @ 1.60GHz (family: 0x6, model: 0x8e, stepping: 0xc)
[    0.244785] Performance Events: unsupported p6 CPU model 142 no PMU driver, software events only.
[    0.248219] Hierarchical SRCU implementation.
[    0.256194] NMI watchdog: Perf event create on CPU 0 failed with -2
[    0.260008] NMI watchdog: Perf NMI watchdog permanently disabled
[    0.264627] smp: Bringing up secondary CPUs ...
[    0.273945] x86: Booting SMP configuration:
[    0.276010] .... node  #0, CPUs:      #1
[    0.004000] kvm-clock: cpu 1, msr 0:7ff44041, secondary cpu clock
[    0.300000] TSC synchronization [CPU#0 -> CPU#1]:
[    0.300000] Measured 60452 cycles TSC warp between CPUs, turning off TSC clock.
[    0.300000] tsc: Marking TSC unstable due to check_tsc_sync_source failed
[    0.308573] smp: Brought up 1 node, 2 CPUs
[    0.312016] smpboot: Max logical packages: 1
[    0.316016] smpboot: Total of 2 processors activated (8448.02 BogoMIPS)
[    0.328137] devtmpfs: initialized
[    0.332209] x86/mm: Memory block size: 128MB
[    0.340856] evm: security.selinux
[    0.344008] evm: security.SMACK64
[    0.348007] evm: security.SMACK64EXEC
[    0.352007] evm: security.SMACK64TRANSMUTE
[    0.356007] evm: security.SMACK64MMAP
[    0.364011] evm: security.apparmor
[    0.368007] evm: security.ima
[    0.376157] evm: security.capability
[    0.384179] clocksource: jiffies: mask: 0xffffffff max_cycles: 0xffffffff, max_idle_ns: 7645041785100000 ns
[    0.404016] futex hash table entries: 512 (order: 3, 32768 bytes)
[    0.408333] pinctrl core: initialized pinctrl subsystem
[    0.413168] RTC time: 10:51:03, date: 12/27/24
[    0.421715] NET: Registered protocol family 16
[    0.424290] audit: initializing netlink subsys (disabled)
[    0.428356] audit: type=2000 audit(1735296668.889:1): state=initialized audit_enabled=0 res=1
[    0.444014] cpuidle: using governor ladder
[    0.448015] cpuidle: using governor menu
[    0.452064] ACPI: bus type PCI registered
[    0.456005] acpiphp: ACPI Hot Plug PCI Controller Driver version: 0.5
[    0.464567] PCI: Using configuration type 1 for base access
[    0.476376] HugeTLB registered 2.00 MiB page size, pre-allocated 0 pages
[    0.492548] ACPI: Added _OSI(Module Device)
[    0.500005] ACPI: Added _OSI(Processor Device)
[    0.508004] ACPI: Added _OSI(3.0 _SCP Extensions)
[    0.516004] ACPI: Added _OSI(Processor Aggregator Device)
[    0.520005] ACPI: Added _OSI(Linux-Dell-Video)
[    0.528005] ACPI: Added _OSI(Linux-Lenovo-NV-HDMI-Audio)
[    0.532005] ACPI: Added _OSI(Linux-HPI-Hybrid-Graphics)
[    0.541401] ACPI: Executed 1 blocks of module-level executable AML code
[    0.558995] ACPI: Interpreter enabled
[    0.564018] ACPI: (supports S0 S5)
[    0.572005] ACPI: Using IOAPIC for interrupt routing
[    0.580658] PCI: Using host bridge windows from ACPI; if necessary, use "pci=nocrs" and report a bug
[    0.592360] ACPI: Enabled 2 GPEs in block 00 to 07
[    0.616399] ACPI: PCI Root Bridge [PCI0] (domain 0000 [bus 00-ff])
[    0.624011] acpi PNP0A03:00: _OSC: OS supports [ASPM ClockPM Segments MSI]
[    0.636904] acpi PNP0A03:00: _OSC: not requesting OS control; OS requires [ExtendedConfig ASPM ClockPM MSI]
[    0.648022] acpi PNP0A03:00: fail to add MMCONFIG information, can't access extended PCI configuration space under this bridge.
[    0.664150] PCI host bridge to bus 0000:00
[    0.668006] pci_bus 0000:00: root bus resource [io  0x0000-0x0cf7 window]
[    0.680008] pci_bus 0000:00: root bus resource [io  0x0d00-0xffff window]
[    0.688007] pci_bus 0000:00: root bus resource [mem 0x000a0000-0x000bffff window]
[    0.696007] pci_bus 0000:00: root bus resource [mem 0x80000000-0xfdffffff window]
[    0.708007] pci_bus 0000:00: root bus resource [bus 00-ff]
[    0.725073] pci 0000:00:01.1: legacy IDE quirk: reg 0x10: [io  0x01f0-0x01f7]
[    0.725073] pci 0000:00:01.1: legacy IDE quirk: reg 0x14: [io  0x03f6]
[    0.740016] pci 0000:00:01.1: legacy IDE quirk: reg 0x18: [io  0x0170-0x0177]
[    0.760015] pci 0000:00:01.1: legacy IDE quirk: reg 0x1c: [io  0x0376]
[    0.822372] pci 0000:00:07.0: quirk: [io  0x4000-0x403f] claimed by PIIX4 ACPI
[    0.832062] pci 0000:00:07.0: quirk: [io  0x4100-0x410f] claimed by PIIX4 SMB
[    0.860898] ACPI: PCI Interrupt Link [LNKA] (IRQs 5 9 10 *11)
[    0.868923] ACPI: PCI Interrupt Link [LNKB] (IRQs 5 9 *10 11)
[    0.880339] ACPI: PCI Interrupt Link [LNKC] (IRQs 5 *9 10 11)
[    0.888322] ACPI: PCI Interrupt Link [LNKD] (IRQs 5 9 10 *11)
[    0.897061] SCSI subsystem initialized
[    0.900304] pci 0000:00:02.0: vgaarb: setting as boot VGA device
[    0.904000] pci 0000:00:02.0: vgaarb: VGA device added: decodes=io+mem,owns=io+mem,locks=none
[    0.920010] pci 0000:00:02.0: vgaarb: bridge control possible
[    0.928005] vgaarb: loaded
[    0.932135] ACPI: bus type USB registered
[    0.940026] usbcore: registered new interface driver usbfs
[    0.944062] usbcore: registered new interface driver hub
[    0.952016] usbcore: registered new device driver usb
[    0.960244] EDAC MC: Ver: 3.0.0
[    0.968455] PCI: Using ACPI for IRQ routing
[    0.973250] NetLabel: Initializing
[    0.976005] NetLabel:  domain hash size = 128
[    0.984003] NetLabel:  protocols = UNLABELED CIPSOv4 CALIPSO
[    0.988058] NetLabel:  unlabeled traffic allowed by default
[    0.996293] clocksource: Switched to clocksource kvm-clock
[    1.060196] VFS: Disk quotas dquot_6.6.0
[    1.065997] VFS: Dquot-cache hash table entries: 512 (order 0, 4096 bytes)
[    1.074090] AppArmor: AppArmor Filesystem Enabled
[    1.079437] pnp: PnP ACPI init
[    1.085763] pnp: PnP ACPI: found 3 devices
[    1.100104] clocksource: acpi_pm: mask: 0xffffff max_cycles: 0xffffff, max_idle_ns: 2085701024 ns
[    1.110153] NET: Registered protocol family 2
[    1.116799] IP idents hash table entries: 32768 (order: 6, 262144 bytes)
[    1.124737] TCP established hash table entries: 16384 (order: 5, 131072 bytes)
[    1.133603] TCP bind hash table entries: 16384 (order: 6, 262144 bytes)
[    1.142123] TCP: Hash tables configured (established 16384 bind 16384)
[    1.150578] UDP hash table entries: 1024 (order: 3, 32768 bytes)
[    1.157485] UDP-Lite hash table entries: 1024 (order: 3, 32768 bytes)
[    1.165103] NET: Registered protocol family 1
[    1.170446] pci 0000:00:00.0: Limiting direct PCI/PCI transfers
[    1.177108] pci 0000:00:01.0: Activating ISA DMA hang workarounds
[    1.184023] pci 0000:00:02.0: Video device with shadowed ROM at [mem 0x000c0000-0x000dffff]
[    1.193748] Unpacking initramfs...
[    2.236632] Freeing initrd memory: 20416K
[    2.244686] clocksource: tsc: mask: 0xffffffffffffffff max_cycles: 0x1e717e40680, max_idle_ns: 440795297614 ns
[    2.255896] platform rtc_cmos: registered platform RTC device (no PNP device found)
[    2.264242] Scanning for low memory corruption every 60 seconds
[    2.274494] Initialise system trusted keyrings
[    2.279853] Key type blacklist registered
[    2.285878] workingset: timestamp_bits=36 max_order=19 bucket_order=0
[    2.297922] zbud: loaded
[    2.303689] squashfs: version 4.0 (2009/01/31) Phillip Lougher
[    2.313455] fuse init (API version 7.26)
[    2.355825] Key type asymmetric registered
[    2.363410] Asymmetric key parser 'x509' registered
[    2.371321] Block layer SCSI generic (bsg) driver version 0.4 loaded (major 246)
[    2.382025] io scheduler noop registered
[    2.388473] io scheduler deadline registered
[    2.394515] io scheduler cfq registered (default)
[    2.402392] ACPI: AC Adapter [AC] (on-line)
[    2.409086] input: Power Button as /devices/LNXSYSTM:00/LNXPWRBN:00/input/input0
[    2.422476] ACPI: Power Button [PWRF]
[    2.430237] input: Sleep Button as /devices/LNXSYSTM:00/LNXSLPBN:00/input/input1
[    2.442056] ACPI: Sleep Button [SLPF]
[    2.449985] Serial: 8250/16550 driver, 32 ports, IRQ sharing enabled
[    2.452563] ACPI: Battery Slot [BAT0] (battery present)
[    2.498093] 00:02: ttyS0 at I/O 0x3f8 (irq = 4, base_baud = 115200) is a 16550A
[    2.512118] Linux agpgart interface v0.103
[    2.524428] loop: module loaded
[    2.541117] scsi host0: ata_piix
[    2.547605] scsi host1: ata_piix
[    2.553031] ata1: PATA max UDMA/33 cmd 0x1f0 ctl 0x3f6 bmdma 0xd000 irq 14
[    2.563195] ata2: PATA max UDMA/33 cmd 0x170 ctl 0x376 bmdma 0xd008 irq 15
[    2.575835] tun: Universal TUN/TAP device driver, 1.6
[    2.588091] PPP generic driver version 2.4.2
[    2.595247] ehci_hcd: USB 2.0 'Enhanced' Host Controller (EHCI) Driver
[    2.605283] ehci-pci: EHCI PCI platform driver
[    2.611839] ehci-platform: EHCI generic platform driver
[    2.619791] ohci_hcd: USB 1.1 'Open' Host Controller (OHCI) Driver
[    2.630096] ohci-pci: OHCI PCI platform driver
[    2.638752] ohci-platform: OHCI generic platform driver
[    2.647231] uhci_hcd: USB Universal Host Controller Interface driver
[    2.658309] i8042: PNP: PS/2 Controller [PNP0303:PS2K,PNP0f03:PS2M] at 0x60,0x64 irq 1,12
[    2.689821] serio: i8042 KBD port at 0x60,0x64 irq 1
[    2.698875] serio: i8042 AUX port at 0x60,0x64 irq 12
[    2.708857] mousedev: PS/2 mouse device common for all mice
[    2.722078] input: AT Translated Set 2 keyboard as /devices/platform/i8042/serio0/input/input2
[    2.737454] rtc_cmos rtc_cmos: rtc core: registered rtc_cmos as rtc0
[    2.757010] rtc_cmos rtc_cmos: alarms up to one day, 114 bytes nvram
[    2.767976] i2c /dev entries driver
[    2.775128] device-mapper: uevent: version 1.0.3
[    2.788064] device-mapper: ioctl: 4.37.0-ioctl (2017-09-20) initialised: dm-devel@redhat.com
[    2.823987] ledtrig-cpu: registered to indicate activity on CPUs
[    2.836852] NET: Registered protocol family 10
[    2.859556] Segment Routing with IPv6
[    2.864182] NET: Registered protocol family 17
[    2.869933] Key type dns_resolver registered
[    2.876112] mce: Using 0 MCE banks
[    2.879759] RAS: Correctable Errors collector initialized.
[    2.885554] sched_clock: Marking stable (2885486981, 0)->(4115814443, -1230327462)
[    2.900737] registered taskstats version 1
[    2.905435] Loading compiled-in X.509 certificates
[    2.918092] Loaded X.509 cert 'Build time autogenerated kernel key: b5b26778eaa3ab3a4a6cee031137706e947d12ad'
[    2.930409] Loaded X.509 cert 'Canonical Ltd. Live Patch Signing: 14df34d1a87cf37625abec039ef2bf521249b969'
[    2.941664] Loaded X.509 cert 'Canonical Ltd. Kernel Module Signing: 88f752e560a1e0737e31163a466ad7b70a850c19'
[    2.953092] blacklist: Loading compiled-in revocation X.509 certificates
[    2.961070] Loaded X.509 cert 'Canonical Ltd. Secure Boot Signing: 61482aa2830d0ab2ad5af10b7250da9033ddcef0'
[    2.972283] Loaded X.509 cert 'Canonical Ltd. Secure Boot Signing (2017): 242ade75ac4a15e50d50c84b0d45ff3eae707a03'
[    2.983424] Loaded X.509 cert 'Canonical Ltd. Secure Boot Signing (ESM 2018): 365188c1d374d6b07c3c8f240f8ef722433d6a8b'
[    2.994909] Loaded X.509 cert 'Canonical Ltd. Secure Boot Signing (2019): c0746fd6c5da3ae827864651ad66ae47fe24b3e8'
[    3.005980] Loaded X.509 cert 'Canonical Ltd. Secure Boot Signing (2021 v1): a8d54bbb3825cfb94fa13c9f8a594a195c107b8d'
[    3.017397] Loaded X.509 cert 'Canonical Ltd. Secure Boot Signing (2021 v2): 4cf046892d6fd3c9a5b03f98d845f90851dc6a8c'
[    3.028641] Loaded X.509 cert 'Canonical Ltd. Secure Boot Signing (2021 v3): 100437bb6de6e469b581e61cd66bce3ef4ed53af'
[    3.040222] Loaded X.509 cert 'Canonical Ltd. Secure Boot Signing (Ubuntu Core 2019): c1d57b8f6b743f23ee41f4f7ee292f06eecadfb9'
[    3.052533] zswap: loaded using pool lzo/zbud
[    3.074105] Key type big_key registered
[    3.080979] Key type trusted registered
[    3.095741] Key type encrypted registered
[    3.102948] AppArmor: AppArmor sha1 policy hashing enabled
[    3.111473] ima: No TPM chip found, activating TPM-bypass! (rc=-19)
[    3.121242] ima: Allocated hash algorithm: sha1
[    3.129660] evm: HMAC attrs: 0x1
[    3.137342]   Magic number: 4:466:882
[    3.146809] rtc_cmos rtc_cmos: setting system clock to 2024-12-27 10:51:06 UTC (1735296666)
[    3.161284] BIOS EDD facility v0.16 2004-Jun-25, 0 devices found
[    3.170667] EDD information not available.
[    3.188276] Freeing unused kernel image memory: 2480K
[    3.221118] Write protecting the kernel read-only data: 20480k
[    3.232003] Freeing unused kernel image memory: 2008K
[    3.239677] Freeing unused kernel image memory: 1820K
[    3.256126] x86/mm: Checked W+X mappings: passed, no W+X pages found.
Loading, please wait...
starting version 237
[    3.445171] e1000: Intel(R) PRO/1000 Network Driver - version 7.3.21-k8-NAPI
[    3.457796] e1000: Copyright (c) 1999-2006 Intel Corporation.
[    3.497443] Fusion MPT base driver 3.04.20
[    3.505503] Copyright (c) 1999-2008 LSI Corporation
[    3.546201] SSE version of gcm_enc/dec engaged.
[    3.631387] Fusion MPT SPI Host driver 3.04.20
[    3.639965] vboxvideo: loading out-of-tree module taints kernel.
[    3.649213] vboxvideo: module verification failed: signature and/or required key missing - tainting kernel
[    3.663734] vboxvideo: loading version 7.1.4 r165100
[    3.825460] input: ImExPS/2 Generic Explorer Mouse as /devices/platform/i8042/serio1/input/input4
[    4.500072] e1000 0000:00:03.0 eth0: (PCI:33MHz:32-bit) 02:3b:7b:b7:3b:2d
[    4.506841] e1000 0000:00:03.0 eth0: Intel(R) PRO/1000 Network Connection
[    4.516368] mptbase: ioc0: Initiating bringup
[    4.937743] ioc0: LSI53C1030 A0: Capabilities={Initiator}
[    5.620423] scsi host2: ioc0: LSI53C1030 A0, FwRev=00000000h, Ports=1, MaxQ=256, IRQ=20
[    5.845990] scsi 2:0:0:0: Direct-Access     VBOX     HARDDISK         1.0  PQ: 0 ANSI: 5
[    5.854323] [drm] VRAM 01000000
[    5.858205] [TTM] Zone  kernel: Available graphics memory: 1020354 kiB
[    5.865094] [TTM] Initializing pool allocator
[    5.870136] [TTM] Initializing DMA pool allocator
[    5.888848] fbcon: vboxdrmfb (fb0) is primary device
[    5.891712] Console: switching to colour frame buffer device 100x37
[    5.901763] vboxvideo 0000:00:02.0: fb0: vboxdrmfb frame buffer device
[    5.904366] scsi target2:0:0: Beginning Domain Validation
[    5.923474] scsi target2:0:0: Domain Validation skipping write tests
[    5.924292] [drm] Initialized vboxvideo 1.0.0 20130823 for 0000:00:02.0 on minor 0
[    5.927774] scsi target2:0:0: Ending Domain Validation
[    5.937184] scsi target2:0:0: asynchronous
[    5.942192] scsi 2:0:1:0: Direct-Access     VBOX     HARDDISK         1.0  PQ: 0 ANSI: 5
[    6.000812] scsi target2:0:1: Beginning Domain Validation
[    6.008779] scsi target2:0:1: Domain Validation skipping write tests
[    6.012000] scsi target2:0:1: Ending Domain Validation
[    6.014743] scsi target2:0:1: asynchronous
[    6.030016] sd 2:0:0:0: [sda] 83886080 512-byte logical blocks: (42.9 GB/40.0 GiB)
[    6.035814] sd 2:0:0:0: [sda] Write Protect is off
[    6.039648] sd 2:0:0:0: [sda] Incomplete mode parameter data
[    6.044310] sd 2:0:0:0: [sda] Assuming drive cache: write through
[    6.048628] sd 2:0:0:0: Attached scsi generic sg0 type 0
[    6.057323] sd 2:0:1:0: Attached scsi generic sg1 type 0
[    6.063934] sd 2:0:1:0: [sdb] 20480 512-byte logical blocks: (10.5 MB/10.0 MiB)
[    6.075755] sd 2:0:1:0: [sdb] Write Protect is off
[    6.086596] sd 2:0:1:0: [sdb] Incomplete mode parameter data
[    6.093458] sd 2:0:1:0: [sdb] Assuming drive cache: write through
[    6.101738]  sda: sda1
[    6.110728] sd 2:0:0:0: [sda] Attached SCSI disk
[    6.129021] sd 2:0:1:0: [sdb] Attached SCSI disk
[    6.983680] e1000 0000:00:08.0 eth1: (PCI:33MHz:32-bit) 08:00:27:0a:87:0c
[    6.988105] e1000 0000:00:08.0 eth1: Intel(R) PRO/1000 Network Connection
[    6.994830] e1000 0000:00:08.0 enp0s8: renamed from eth1
[    7.008563] e1000 0000:00:03.0 enp0s3: renamed from eth0
Begin: Loading essential drivers ... 